
**** Build of configuration Debug for project HelloWorld ****

"D:\\TI_Progs\\CodeCompriser\\ccs\\utils\\bin\\gmake" -k -j 8 all -O 
 
Building file: "../main.c"
Invoking: ARM Compiler
"D:/TI_Progs/CodeCompriser/ccs/tools/compiler/ti-cgt-arm_20.2.0.LTS/bin/armcl" -mv7M3 --code_state=16 -me --include_path="D:/2_Programing/1_Courses/2_TI_CCWorkspace/HelloWorld" --include_path="D:/TI_Progs/CodeCompriser/ccs/tools/compiler/ti-cgt-arm_20.2.0.LTS/include" -g --diag_warning=225 --diag_wrap=off --display_error_number --abi=eabi --preproc_with_compile --preproc_dependency="main.d_raw"  "../main.c"
Finished building: "../main.c"
 
Building target: "HelloWorld.out"
Invoking: ARM Linker
"D:/TI_Progs/CodeCompriser/ccs/tools/compiler/ti-cgt-arm_20.2.0.LTS/bin/armcl" -mv7M3 --code_state=16 -me -g --diag_warning=225 --diag_wrap=off --display_error_number --abi=eabi -z -m"HelloWorld.map" --heap_size=0 --stack_size=256 -i"D:/TI_Progs/CodeCompriser/ccs/tools/compiler/ti-cgt-arm_20.2.0.LTS/lib" -i"D:/TI_Progs/CodeCompriser/ccs/tools/compiler/ti-cgt-arm_20.2.0.LTS/include" --reread_libs --diag_wrap=off --display_error_number --warn_sections --xml_link_info="HelloWorld_linkInfo.xml" --rom_model -o "HelloWorld.out" "./main.obj" "../cc26x0r2f.cmd"  -llibc.a 
<Linking>
 
 undefined first referenced
  symbol       in file     
 --------- ----------------
 ResetISR                  
 
error #10234-D: unresolved symbols remain
warning #10062-D: entry-point symbol "ResetISR" undefined
error #10010: errors encountered during linking; "HelloWorld.out" not built
 
>> Compilation failure
makefile:141: recipe for target 'HelloWorld.out' failed
gmake[1]: *** [HelloWorld.out] Error 1
makefile:137: recipe for target 'all' failed
gmake: *** [all] Error 2

**** Build Finished ****
