
**** Build of configuration Debug for project ADC0_UART_CC2640R2_LAUNCHXL_tirtos_ccs ****

"C:\\ti\\ccs1030\\ccs\\utils\\bin\\gmake" -k -j 8 all -O 
 
Building file: "../ccfg.c"
Invoking: ARM Compiler
"C:/ti/ccs1030/ccs/tools/compiler/ti-cgt-arm_20.2.4.LTS/bin/armcl" -mv7M3 --code_state=16 --float_support=vfplib -me --include_path="D:/2_Programing/2_LaunchXL/1_TestCodeWorkspace/ADC0_UART_CC2640R2_LAUNCHXL_tirtos_ccs" --include_path="C:/ti/simplelink_cc2640r2_sdk_4_40_00_10/source/ti/posix/ccs" --include_path="C:/ti/ccs1030/ccs/tools/compiler/ti-cgt-arm_20.2.4.LTS/include" --define=DeviceFamily_CC26X0R2 -g --diag_warning=225 --diag_warning=255 --diag_wrap=off --display_error_number --gen_func_subsections=on --preproc_with_compile --preproc_dependency="ccfg.d_raw" --cmd_file="D:/2_Programing/2_LaunchXL/1_TestCodeWorkspace/tirtos_builds_CC2640R2_LAUNCHXL_release_ccs/Debug/configPkg/compiler.opt"  "../ccfg.c"
Finished building: "../ccfg.c"
 
Building file: "../CC2640R2_LAUNCHXL_fxns.c"
Invoking: ARM Compiler
"C:/ti/ccs1030/ccs/tools/compiler/ti-cgt-arm_20.2.4.LTS/bin/armcl" -mv7M3 --code_state=16 --float_support=vfplib -me --include_path="D:/2_Programing/2_LaunchXL/1_TestCodeWorkspace/ADC0_UART_CC2640R2_LAUNCHXL_tirtos_ccs" --include_path="C:/ti/simplelink_cc2640r2_sdk_4_40_00_10/source/ti/posix/ccs" --include_path="C:/ti/ccs1030/ccs/tools/compiler/ti-cgt-arm_20.2.4.LTS/include" --define=DeviceFamily_CC26X0R2 -g --diag_warning=225 --diag_warning=255 --diag_wrap=off --display_error_number --gen_func_subsections=on --preproc_with_compile --preproc_dependency="CC2640R2_LAUNCHXL_fxns.d_raw" --cmd_file="D:/2_Programing/2_LaunchXL/1_TestCodeWorkspace/tirtos_builds_CC2640R2_LAUNCHXL_release_ccs/Debug/configPkg/compiler.opt"  "../CC2640R2_LAUNCHXL_fxns.c"
Finished building: "../CC2640R2_LAUNCHXL_fxns.c"
 
Building file: "../empty.c"
Invoking: ARM Compiler
"C:/ti/ccs1030/ccs/tools/compiler/ti-cgt-arm_20.2.4.LTS/bin/armcl" -mv7M3 --code_state=16 --float_support=vfplib -me --include_path="D:/2_Programing/2_LaunchXL/1_TestCodeWorkspace/ADC0_UART_CC2640R2_LAUNCHXL_tirtos_ccs" --include_path="C:/ti/simplelink_cc2640r2_sdk_4_40_00_10/source/ti/posix/ccs" --include_path="C:/ti/ccs1030/ccs/tools/compiler/ti-cgt-arm_20.2.4.LTS/include" --define=DeviceFamily_CC26X0R2 -g --diag_warning=225 --diag_warning=255 --diag_wrap=off --display_error_number --gen_func_subsections=on --preproc_with_compile --preproc_dependency="empty.d_raw" --cmd_file="D:/2_Programing/2_LaunchXL/1_TestCodeWorkspace/tirtos_builds_CC2640R2_LAUNCHXL_release_ccs/Debug/configPkg/compiler.opt"  "../empty.c"
Finished building: "../empty.c"
 
Building file: "../main_tirtos.c"
Invoking: ARM Compiler
"C:/ti/ccs1030/ccs/tools/compiler/ti-cgt-arm_20.2.4.LTS/bin/armcl" -mv7M3 --code_state=16 --float_support=vfplib -me --include_path="D:/2_Programing/2_LaunchXL/1_TestCodeWorkspace/ADC0_UART_CC2640R2_LAUNCHXL_tirtos_ccs" --include_path="C:/ti/simplelink_cc2640r2_sdk_4_40_00_10/source/ti/posix/ccs" --include_path="C:/ti/ccs1030/ccs/tools/compiler/ti-cgt-arm_20.2.4.LTS/include" --define=DeviceFamily_CC26X0R2 -g --diag_warning=225 --diag_warning=255 --diag_wrap=off --display_error_number --gen_func_subsections=on --preproc_with_compile --preproc_dependency="main_tirtos.d_raw" --cmd_file="D:/2_Programing/2_LaunchXL/1_TestCodeWorkspace/tirtos_builds_CC2640R2_LAUNCHXL_release_ccs/Debug/configPkg/compiler.opt"  "../main_tirtos.c"
Finished building: "../main_tirtos.c"
 
Building file: "../CC2640R2_LAUNCHXL.c"
Invoking: ARM Compiler
"C:/ti/ccs1030/ccs/tools/compiler/ti-cgt-arm_20.2.4.LTS/bin/armcl" -mv7M3 --code_state=16 --float_support=vfplib -me --include_path="D:/2_Programing/2_LaunchXL/1_TestCodeWorkspace/ADC0_UART_CC2640R2_LAUNCHXL_tirtos_ccs" --include_path="C:/ti/simplelink_cc2640r2_sdk_4_40_00_10/source/ti/posix/ccs" --include_path="C:/ti/ccs1030/ccs/tools/compiler/ti-cgt-arm_20.2.4.LTS/include" --define=DeviceFamily_CC26X0R2 -g --diag_warning=225 --diag_warning=255 --diag_wrap=off --display_error_number --gen_func_subsections=on --preproc_with_compile --preproc_dependency="CC2640R2_LAUNCHXL.d_raw" --cmd_file="D:/2_Programing/2_LaunchXL/1_TestCodeWorkspace/tirtos_builds_CC2640R2_LAUNCHXL_release_ccs/Debug/configPkg/compiler.opt"  "../CC2640R2_LAUNCHXL.c"
Finished building: "../CC2640R2_LAUNCHXL.c"
 
Building target: "ADC0_UART_CC2640R2_LAUNCHXL_tirtos_ccs.out"
Invoking: ARM Linker
"C:/ti/ccs1030/ccs/tools/compiler/ti-cgt-arm_20.2.4.LTS/bin/armcl" -mv7M3 --code_state=16 --float_support=vfplib -me --define=DeviceFamily_CC26X0R2 -g --diag_warning=225 --diag_warning=255 --diag_wrap=off --display_error_number --gen_func_subsections=on -z -m"ADC0_UART_CC2640R2_LAUNCHXL_tirtos_ccs.map" -i"C:/ti/simplelink_cc2640r2_sdk_4_40_00_10/source" -i"C:/ti/simplelink_cc2640r2_sdk_4_40_00_10/kernel/tirtos/packages" -i"C:/ti/ccs1030/ccs/tools/compiler/ti-cgt-arm_20.2.4.LTS/lib" --diag_wrap=off --display_error_number --warn_sections --xml_link_info="ADC0_UART_CC2640R2_LAUNCHXL_tirtos_ccs_linkInfo.xml" --rom_model -o "ADC0_UART_CC2640R2_LAUNCHXL_tirtos_ccs.out" "./CC2640R2_LAUNCHXL.obj" "./CC2640R2_LAUNCHXL_fxns.obj" "./ccfg.obj" "./empty.obj" "./main_tirtos.obj" "../CC2640R2_LAUNCHXL_TIRTOS.cmd" -l"ti/display/lib/display.aem3" -l"ti/grlib/lib/ccs/m3/grlib.a" -l"third_party/spiffs/lib/ccs/m3/spiffs_cc26xx.a" -l"ti/drivers/rf/lib/rf_multiMode_cc26x0r2.aem3" -l"ti/drivers/lib/drivers_cc26x0r2.aem3" -l"ti/dpl/lib/dpl_cc26x0r2.aem3" -l"D:/2_Programing/2_LaunchXL/1_TestCodeWorkspace/tirtos_builds_CC2640R2_LAUNCHXL_release_ccs/Debug/configPkg/linker.cmd"  -l"ti/devices/cc26x0r2/driverlib/bin/ccs/driverlib.lib" -llibc.a 
<Linking>
Finished building target: "ADC0_UART_CC2640R2_LAUNCHXL_tirtos_ccs.out"
 

**** Build Finished ****
