
**** Build of configuration Debug for project adc_window_monitor_launchpad_tirtos ****

"D:\\TI_Progs\\CodeCompriser\\ccs\\utils\\bin\\gmake" -k -j 8 all -O 
 
Building file: "D:/2_Programing/1_Courses/3_TI_SensorStudioWorkspace/adc_window_monitor_launchpad3/source/scif.c"
Invoking: ARM Compiler
"D:/TI_Progs/CodeCompriser/ccs/tools/compiler/ti-cgt-arm_20.2.0.LTS/bin/armcl" -mv7M4 --code_state=16 --float_support=FPv4SPD16 -me --include_path="D:/2_Programing/1_Courses/2_TI_CCWorkspace/adc_window_monitor_launchpad_tirtos" --include_path="D:/TI_Progs/sdk_4200035/simplelink_cc13x2_26x2_sdk_4_20_00_35/source/ti/devices/cc13x2_cc26x2" --include_path="D:/TI_Progs/sdk_4200035/simplelink_cc13x2_26x2_sdk_4_20_00_35/kernel/tirtos" --include_path="D:/TI_Progs/sdk_4200035/simplelink_cc13x2_26x2_sdk_4_20_00_35/source" --include_path="D:/TI_Progs/sdk_4200035/simplelink_cc13x2_26x2_sdk_4_20_00_35/source/ti/boards/CC1352P1_LAUNCHXL" --include_path="D:/TI_Progs/CodeCompriser/ccs/tools/compiler/ti-cgt-arm_20.2.0.LTS/include" --define=DEVICE_FAMILY=cc13x2_cc26x2 --define=DeviceFamily_CC13X2 -g --c99 --gcc --diag_warning=225 --diag_warning=255 --diag_wrap=off --display_error_number --gen_func_subsections=on --abi=eabi --preproc_with_compile --preproc_dependency="scif.d_raw" --cmd_file="configPkg/compiler.opt"  "D:/2_Programing/1_Courses/3_TI_SensorStudioWorkspace/adc_window_monitor_launchpad3/source/scif.c"
Finished building: "D:/2_Programing/1_Courses/3_TI_SensorStudioWorkspace/adc_window_monitor_launchpad3/source/scif.c"
 
Building file: "D:/2_Programing/1_Courses/3_TI_SensorStudioWorkspace/adc_window_monitor_launchpad3/source/main_tirtos.c"
Invoking: ARM Compiler
"D:/TI_Progs/CodeCompriser/ccs/tools/compiler/ti-cgt-arm_20.2.0.LTS/bin/armcl" -mv7M4 --code_state=16 --float_support=FPv4SPD16 -me --include_path="D:/2_Programing/1_Courses/2_TI_CCWorkspace/adc_window_monitor_launchpad_tirtos" --include_path="D:/TI_Progs/sdk_4200035/simplelink_cc13x2_26x2_sdk_4_20_00_35/source/ti/devices/cc13x2_cc26x2" --include_path="D:/TI_Progs/sdk_4200035/simplelink_cc13x2_26x2_sdk_4_20_00_35/kernel/tirtos" --include_path="D:/TI_Progs/sdk_4200035/simplelink_cc13x2_26x2_sdk_4_20_00_35/source" --include_path="D:/TI_Progs/sdk_4200035/simplelink_cc13x2_26x2_sdk_4_20_00_35/source/ti/boards/CC1352P1_LAUNCHXL" --include_path="D:/TI_Progs/CodeCompriser/ccs/tools/compiler/ti-cgt-arm_20.2.0.LTS/include" --define=DEVICE_FAMILY=cc13x2_cc26x2 --define=DeviceFamily_CC13X2 -g --c99 --gcc --diag_warning=225 --diag_warning=255 --diag_wrap=off --display_error_number --gen_func_subsections=on --abi=eabi --preproc_with_compile --preproc_dependency="main_tirtos.d_raw" --cmd_file="configPkg/compiler.opt"  "D:/2_Programing/1_Courses/3_TI_SensorStudioWorkspace/adc_window_monitor_launchpad3/source/main_tirtos.c"
Finished building: "D:/2_Programing/1_Courses/3_TI_SensorStudioWorkspace/adc_window_monitor_launchpad3/source/main_tirtos.c"
 
Building file: "D:/2_Programing/1_Courses/3_TI_SensorStudioWorkspace/adc_window_monitor_launchpad3/source/scif_framework.c"
Invoking: ARM Compiler
"D:/TI_Progs/CodeCompriser/ccs/tools/compiler/ti-cgt-arm_20.2.0.LTS/bin/armcl" -mv7M4 --code_state=16 --float_support=FPv4SPD16 -me --include_path="D:/2_Programing/1_Courses/2_TI_CCWorkspace/adc_window_monitor_launchpad_tirtos" --include_path="D:/TI_Progs/sdk_4200035/simplelink_cc13x2_26x2_sdk_4_20_00_35/source/ti/devices/cc13x2_cc26x2" --include_path="D:/TI_Progs/sdk_4200035/simplelink_cc13x2_26x2_sdk_4_20_00_35/kernel/tirtos" --include_path="D:/TI_Progs/sdk_4200035/simplelink_cc13x2_26x2_sdk_4_20_00_35/source" --include_path="D:/TI_Progs/sdk_4200035/simplelink_cc13x2_26x2_sdk_4_20_00_35/source/ti/boards/CC1352P1_LAUNCHXL" --include_path="D:/TI_Progs/CodeCompriser/ccs/tools/compiler/ti-cgt-arm_20.2.0.LTS/include" --define=DEVICE_FAMILY=cc13x2_cc26x2 --define=DeviceFamily_CC13X2 -g --c99 --gcc --diag_warning=225 --diag_warning=255 --diag_wrap=off --display_error_number --gen_func_subsections=on --abi=eabi --preproc_with_compile --preproc_dependency="scif_framework.d_raw" --cmd_file="configPkg/compiler.opt"  "D:/2_Programing/1_Courses/3_TI_SensorStudioWorkspace/adc_window_monitor_launchpad3/source/scif_framework.c"
Finished building: "D:/2_Programing/1_Courses/3_TI_SensorStudioWorkspace/adc_window_monitor_launchpad3/source/scif_framework.c"
 
Building target: "adc_window_monitor_launchpad_tirtos.out"
Invoking: ARM Linker
"D:/TI_Progs/CodeCompriser/ccs/tools/compiler/ti-cgt-arm_20.2.0.LTS/bin/armcl" -mv7M4 --code_state=16 --float_support=FPv4SPD16 -me --define=DEVICE_FAMILY=cc13x2_cc26x2 --define=DeviceFamily_CC13X2 -g --c99 --gcc --diag_warning=225 --diag_warning=255 --diag_wrap=off --display_error_number --gen_func_subsections=on --abi=eabi -z -m"adc_window_monitor_launchpad_tirtos.map" --heap_size=0 --stack_size=256 -i"D:/TI_Progs/CodeCompriser/ccs/tools/compiler/ti-cgt-arm_20.2.0.LTS/lib" -i"D:/TI_Progs/CodeCompriser/ccs/tools/compiler/ti-cgt-arm_20.2.0.LTS/include" --reread_libs --diag_wrap=off --display_error_number --warn_sections --xml_link_info="adc_window_monitor_launchpad_tirtos_linkInfo.xml" --rom_model -o "adc_window_monitor_launchpad_tirtos.out" "./main_tirtos.obj" "./scif.obj" "./scif_framework.obj" "./sdk_files__do_not_edit/CC1352P1_LAUNCHXL.obj" "./sdk_files__do_not_edit/CC1352P1_LAUNCHXL_fxns.obj" "./sdk_files__do_not_edit/ccfg.obj" "D:/TI_Progs/sdk_4200035/simplelink_cc13x2_26x2_sdk_4_20_00_35/source/ti/boards/CC1352P1_LAUNCHXL/CC1352P1_LAUNCHXL_TIRTOS.cmd" -l"configPkg/linker.cmd"  -l"D:/TI_Progs/sdk_4200035/simplelink_cc13x2_26x2_sdk_4_20_00_35/source/ti/devices/cc13x2_cc26x2/driverlib/bin/ccs/driverlib.lib" -l"D:/TI_Progs/sdk_4200035/simplelink_cc13x2_26x2_sdk_4_20_00_35/source/ti/drivers/lib/drivers_cc13x2.aem4f" -l"D:/TI_Progs/sdk_4200035/simplelink_cc13x2_26x2_sdk_4_20_00_35/kernel/tirtos/packages/ti/dpl/lib/dpl_cc13x2.aem4f" -llibc.a 
<Linking>
Finished building target: "adc_window_monitor_launchpad_tirtos.out"
 

**** Build Finished ****
