
**** Build of configuration Debug for project empty_CC2640R2_LAUNCHXL_tirtos_gcc ****

"C:\\ti\\ccs1030\\ccs\\utils\\bin\\gmake" -k -j 8 all -O 
 
Building file: "../CC2640R2_LAUNCHXL_fxns.c"
Invoking: GNU Compiler
"C:/ti/ccs1030/ccs/tools/compiler/gcc-arm-none-eabi-7-2017-q4-major-win32/bin/arm-none-eabi-gcc-7.2.1.exe" -c -mcpu=cortex-m3 -march=armv7-m -mthumb -mfloat-abi=soft -DDeviceFamily_CC26X0R2 -I"D:/2_Programing/2_LaunchXL/1_TestCodeWorkspace/empty_CC2640R2_LAUNCHXL_tirtos_gcc" -I"C:/ti/simplelink_cc2640r2_sdk_4_40_00_10/source/ti/posix/gcc" -I"C:/ti/simplelink_cc2640r2_sdk_4_40_00_10/kernel/tirtos/packages/gnu/targets/arm/libs/install-native/arm-none-eabi/include/newlib-nano" -I"C:/ti/simplelink_cc2640r2_sdk_4_40_00_10/kernel/tirtos/packages/gnu/targets/arm/libs/install-native/arm-none-eabi/include" -I"C:/ti/ccs1030/ccs/tools/compiler/gcc-arm-none-eabi-7-2017-q4-major-win32/arm-none-eabi/include" -ffunction-sections -fdata-sections -g -gdwarf-3 -gstrict-dwarf -Wall -MMD -MP -MF"CC2640R2_LAUNCHXL_fxns.d_raw" -MT"CC2640R2_LAUNCHXL_fxns.o" -std=c99 @"D:/2_Programing/2_LaunchXL/1_TestCodeWorkspace/tirtos_builds_CC2640R2_LAUNCHXL_release_gcc/Debug/configPkg/compiler.opt"  -o"CC2640R2_LAUNCHXL_fxns.o" "../CC2640R2_LAUNCHXL_fxns.c"
Finished building: "../CC2640R2_LAUNCHXL_fxns.c"
 
Building file: "../ccfg.c"
Invoking: GNU Compiler
"C:/ti/ccs1030/ccs/tools/compiler/gcc-arm-none-eabi-7-2017-q4-major-win32/bin/arm-none-eabi-gcc-7.2.1.exe" -c -mcpu=cortex-m3 -march=armv7-m -mthumb -mfloat-abi=soft -DDeviceFamily_CC26X0R2 -I"D:/2_Programing/2_LaunchXL/1_TestCodeWorkspace/empty_CC2640R2_LAUNCHXL_tirtos_gcc" -I"C:/ti/simplelink_cc2640r2_sdk_4_40_00_10/source/ti/posix/gcc" -I"C:/ti/simplelink_cc2640r2_sdk_4_40_00_10/kernel/tirtos/packages/gnu/targets/arm/libs/install-native/arm-none-eabi/include/newlib-nano" -I"C:/ti/simplelink_cc2640r2_sdk_4_40_00_10/kernel/tirtos/packages/gnu/targets/arm/libs/install-native/arm-none-eabi/include" -I"C:/ti/ccs1030/ccs/tools/compiler/gcc-arm-none-eabi-7-2017-q4-major-win32/arm-none-eabi/include" -ffunction-sections -fdata-sections -g -gdwarf-3 -gstrict-dwarf -Wall -MMD -MP -MF"ccfg.d_raw" -MT"ccfg.o" -std=c99 @"D:/2_Programing/2_LaunchXL/1_TestCodeWorkspace/tirtos_builds_CC2640R2_LAUNCHXL_release_gcc/Debug/configPkg/compiler.opt"  -o"ccfg.o" "../ccfg.c"
Finished building: "../ccfg.c"
 
Building file: "../CC2640R2_LAUNCHXL.c"
Invoking: GNU Compiler
"C:/ti/ccs1030/ccs/tools/compiler/gcc-arm-none-eabi-7-2017-q4-major-win32/bin/arm-none-eabi-gcc-7.2.1.exe" -c -mcpu=cortex-m3 -march=armv7-m -mthumb -mfloat-abi=soft -DDeviceFamily_CC26X0R2 -I"D:/2_Programing/2_LaunchXL/1_TestCodeWorkspace/empty_CC2640R2_LAUNCHXL_tirtos_gcc" -I"C:/ti/simplelink_cc2640r2_sdk_4_40_00_10/source/ti/posix/gcc" -I"C:/ti/simplelink_cc2640r2_sdk_4_40_00_10/kernel/tirtos/packages/gnu/targets/arm/libs/install-native/arm-none-eabi/include/newlib-nano" -I"C:/ti/simplelink_cc2640r2_sdk_4_40_00_10/kernel/tirtos/packages/gnu/targets/arm/libs/install-native/arm-none-eabi/include" -I"C:/ti/ccs1030/ccs/tools/compiler/gcc-arm-none-eabi-7-2017-q4-major-win32/arm-none-eabi/include" -ffunction-sections -fdata-sections -g -gdwarf-3 -gstrict-dwarf -Wall -MMD -MP -MF"CC2640R2_LAUNCHXL.d_raw" -MT"CC2640R2_LAUNCHXL.o" -std=c99 @"D:/2_Programing/2_LaunchXL/1_TestCodeWorkspace/tirtos_builds_CC2640R2_LAUNCHXL_release_gcc/Debug/configPkg/compiler.opt"  -o"CC2640R2_LAUNCHXL.o" "../CC2640R2_LAUNCHXL.c"
Finished building: "../CC2640R2_LAUNCHXL.c"
 
Building file: "../empty.c"
Invoking: GNU Compiler
"C:/ti/ccs1030/ccs/tools/compiler/gcc-arm-none-eabi-7-2017-q4-major-win32/bin/arm-none-eabi-gcc-7.2.1.exe" -c -mcpu=cortex-m3 -march=armv7-m -mthumb -mfloat-abi=soft -DDeviceFamily_CC26X0R2 -I"D:/2_Programing/2_LaunchXL/1_TestCodeWorkspace/empty_CC2640R2_LAUNCHXL_tirtos_gcc" -I"C:/ti/simplelink_cc2640r2_sdk_4_40_00_10/source/ti/posix/gcc" -I"C:/ti/simplelink_cc2640r2_sdk_4_40_00_10/kernel/tirtos/packages/gnu/targets/arm/libs/install-native/arm-none-eabi/include/newlib-nano" -I"C:/ti/simplelink_cc2640r2_sdk_4_40_00_10/kernel/tirtos/packages/gnu/targets/arm/libs/install-native/arm-none-eabi/include" -I"C:/ti/ccs1030/ccs/tools/compiler/gcc-arm-none-eabi-7-2017-q4-major-win32/arm-none-eabi/include" -ffunction-sections -fdata-sections -g -gdwarf-3 -gstrict-dwarf -Wall -MMD -MP -MF"empty.d_raw" -MT"empty.o" -std=c99 @"D:/2_Programing/2_LaunchXL/1_TestCodeWorkspace/tirtos_builds_CC2640R2_LAUNCHXL_release_gcc/Debug/configPkg/compiler.opt"  -o"empty.o" "../empty.c"
Finished building: "../empty.c"
 
Building file: "../main_tirtos.c"
Invoking: GNU Compiler
"C:/ti/ccs1030/ccs/tools/compiler/gcc-arm-none-eabi-7-2017-q4-major-win32/bin/arm-none-eabi-gcc-7.2.1.exe" -c -mcpu=cortex-m3 -march=armv7-m -mthumb -mfloat-abi=soft -DDeviceFamily_CC26X0R2 -I"D:/2_Programing/2_LaunchXL/1_TestCodeWorkspace/empty_CC2640R2_LAUNCHXL_tirtos_gcc" -I"C:/ti/simplelink_cc2640r2_sdk_4_40_00_10/source/ti/posix/gcc" -I"C:/ti/simplelink_cc2640r2_sdk_4_40_00_10/kernel/tirtos/packages/gnu/targets/arm/libs/install-native/arm-none-eabi/include/newlib-nano" -I"C:/ti/simplelink_cc2640r2_sdk_4_40_00_10/kernel/tirtos/packages/gnu/targets/arm/libs/install-native/arm-none-eabi/include" -I"C:/ti/ccs1030/ccs/tools/compiler/gcc-arm-none-eabi-7-2017-q4-major-win32/arm-none-eabi/include" -ffunction-sections -fdata-sections -g -gdwarf-3 -gstrict-dwarf -Wall -MMD -MP -MF"main_tirtos.d_raw" -MT"main_tirtos.o" -std=c99 @"D:/2_Programing/2_LaunchXL/1_TestCodeWorkspace/tirtos_builds_CC2640R2_LAUNCHXL_release_gcc/Debug/configPkg/compiler.opt"  -o"main_tirtos.o" "../main_tirtos.c"
Finished building: "../main_tirtos.c"
 
Building target: "empty_CC2640R2_LAUNCHXL_tirtos_gcc.out"
Invoking: GNU Linker
"C:/ti/ccs1030/ccs/tools/compiler/gcc-arm-none-eabi-7-2017-q4-major-win32/bin/arm-none-eabi-gcc-7.2.1.exe" -DDeviceFamily_CC26X0R2 -ffunction-sections -fdata-sections -g -gdwarf-3 -gstrict-dwarf -Wall -march=armv7-m -mthumb -Wl,-Map,"empty_CC2640R2_LAUNCHXL_tirtos_gcc.map" -nostartfiles -static -Wl,--gc-sections -L"C:/ti/simplelink_cc2640r2_sdk_4_40_00_10/source" -L"C:/ti/simplelink_cc2640r2_sdk_4_40_00_10/kernel/tirtos/packages" -L"C:/ti/simplelink_cc2640r2_sdk_4_40_00_10/kernel/tirtos/packages/gnu/targets/arm/libs/install-native/arm-none-eabi/lib/thumb/v7-m" -L"C:/ti/ccs1030/ccs/tools/compiler/gcc-arm-none-eabi-7-2017-q4-major-win32/arm-none-eabi/lib" -march=armv7-m -mthumb --specs=nano.specs -o"empty_CC2640R2_LAUNCHXL_tirtos_gcc.out" "./CC2640R2_LAUNCHXL.o" "./CC2640R2_LAUNCHXL_fxns.o" "./ccfg.o" "./empty.o" "./main_tirtos.o" -Wl,-T"../CC2640R2_LAUNCHXL_TIRTOS.lds" -l:"ti/display/lib/display.am3g" -l:"ti/grlib/lib/gcc/m3/grlib.a" -l:"third_party/spiffs/lib/gcc/m3/spiffs_cc26xx.a" -l:"ti/drivers/rf/lib/rf_multiMode_cc26x0r2.am3g" -l:"ti/drivers/lib/drivers_cc26x0r2.am3g" -l:"ti/dpl/lib/dpl_cc26x0r2.am3g" -Wl,-T"D:/2_Programing/2_LaunchXL/1_TestCodeWorkspace/tirtos_builds_CC2640R2_LAUNCHXL_release_gcc/Debug/configPkg/linker.cmd"  -l:"ti/devices/cc26x0r2/driverlib/bin/gcc/driverlib.lib" -lgcc -lc -lm -lnosys 
Finished building target: "empty_CC2640R2_LAUNCHXL_tirtos_gcc.out"
 

**** Build Finished ****
