
**** Build of configuration Debug for project TIRTOS_CC2640R2_LAUNCHXL_tirtos_ccs ****

"C:\\ti\\ccs1030\\ccs\\utils\\bin\\gmake" -k -j 8 all -O 
 
Building file: "../hello.cfg"
Invoking: XDCtools
"C:/ti/ccs1030/xdctools_3_62_00_08_core/xs" --xdcpath="C:/ti/simplelink_cc2640r2_sdk_4_40_00_10/source;C:/ti/simplelink_cc2640r2_sdk_4_40_00_10/kernel/tirtos/packages;" xdc.tools.configuro -o configPkg -t ti.targets.arm.elf.M3 -p ti.platforms.simplelink:CC2640R2F -r release -c "C:/ti/ccs1030/ccs/tools/compiler/ti-cgt-arm_20.2.4.LTS" --compileOptions "-mv7M3 --code_state=16 --float_support=vfplib -me --include_path=\"D:/2_Programing/2_LaunchXL/1_TestCodeWorkspace/TIRTOS_CC2640R2_LAUNCHXL_tirtos_ccs\" --include_path=\"C:/ti/simplelink_cc2640r2_sdk_4_40_00_10/source/ti/posix/ccs\" --include_path=\"C:/ti/ccs1030/ccs/tools/compiler/ti-cgt-arm_20.2.4.LTS/include\" --define=DeviceFamily_CC26X0R2 -g --diag_warning=225 --diag_warning=255 --diag_wrap=off --display_error_number --gen_func_subsections=on  " "../hello.cfg"
making package.mak (because of package.bld) ...
generating interfaces for package configPkg (because package/package.xdc.inc is older than package.xdc) ...
configuring hello.xem3 from package/cfg/hello_pem3.cfg ...
generating custom ti.sysbios library makefile ... 
Starting build of library sources ...
making D:/2_Programing/2_LaunchXL/1_TestCodeWorkspace/TIRTOS_CC2640R2_LAUNCHXL_tirtos_ccs/src/sysbios/sysbios.aem3 ...
clem3 C:/ti/simplelink_cc2640r2_sdk_4_40_00_10/kernel/tirtos/packages/ti/sysbios/BIOS.c ...
asmem3 C:/ti/simplelink_cc2640r2_sdk_4_40_00_10/kernel/tirtos/packages/ti/sysbios/family/arm/m3/Hwi_asm.sv7M ...
asmem3 C:/ti/simplelink_cc2640r2_sdk_4_40_00_10/kernel/tirtos/packages/ti/sysbios/family/arm/m3/Hwi_asm_switch.sv7M ...
asmem3 C:/ti/simplelink_cc2640r2_sdk_4_40_00_10/kernel/tirtos/packages/ti/sysbios/family/arm/m3/IntrinsicsSupport_asm.sv7M ...
asmem3 C:/ti/simplelink_cc2640r2_sdk_4_40_00_10/kernel/tirtos/packages/ti/sysbios/family/arm/m3/TaskSupport_asm.sv7M ...
arem3 BIOS.obj m3_Hwi_asm.obj m3_Hwi_asm_switch.obj m3_IntrinsicsSupport_asm.obj m3_TaskSupport_asm.obj ...
Build of libraries done.
clem3 package/cfg/hello_pem3.c ...
Finished building: "../hello.cfg"
 
        1 file(s) copied.
making ../src/sysbios/sysbios.aem3 ...
gmake[1]: Nothing to be done for 'all'.
Building file: "../ccfg.c"
Invoking: ARM Compiler
"C:/ti/ccs1030/ccs/tools/compiler/ti-cgt-arm_20.2.4.LTS/bin/armcl" -mv7M3 --code_state=16 --float_support=vfplib -me --include_path="D:/2_Programing/2_LaunchXL/1_TestCodeWorkspace/TIRTOS_CC2640R2_LAUNCHXL_tirtos_ccs" --include_path="C:/ti/simplelink_cc2640r2_sdk_4_40_00_10/source/ti/posix/ccs" --include_path="C:/ti/ccs1030/ccs/tools/compiler/ti-cgt-arm_20.2.4.LTS/include" --define=DeviceFamily_CC26X0R2 -g --diag_warning=225 --diag_warning=255 --diag_wrap=off --display_error_number --gen_func_subsections=on --preproc_with_compile --preproc_dependency="ccfg.d_raw" --cmd_file="configPkg/compiler.opt"  "../ccfg.c"
Finished building: "../ccfg.c"
 
Building file: "../CC2640R2_LAUNCHXL_fxns.c"
Invoking: ARM Compiler
"C:/ti/ccs1030/ccs/tools/compiler/ti-cgt-arm_20.2.4.LTS/bin/armcl" -mv7M3 --code_state=16 --float_support=vfplib -me --include_path="D:/2_Programing/2_LaunchXL/1_TestCodeWorkspace/TIRTOS_CC2640R2_LAUNCHXL_tirtos_ccs" --include_path="C:/ti/simplelink_cc2640r2_sdk_4_40_00_10/source/ti/posix/ccs" --include_path="C:/ti/ccs1030/ccs/tools/compiler/ti-cgt-arm_20.2.4.LTS/include" --define=DeviceFamily_CC26X0R2 -g --diag_warning=225 --diag_warning=255 --diag_wrap=off --display_error_number --gen_func_subsections=on --preproc_with_compile --preproc_dependency="CC2640R2_LAUNCHXL_fxns.d_raw" --cmd_file="configPkg/compiler.opt"  "../CC2640R2_LAUNCHXL_fxns.c"
Finished building: "../CC2640R2_LAUNCHXL_fxns.c"
 
Building file: "../hello.c"
Invoking: ARM Compiler
"C:/ti/ccs1030/ccs/tools/compiler/ti-cgt-arm_20.2.4.LTS/bin/armcl" -mv7M3 --code_state=16 --float_support=vfplib -me --include_path="D:/2_Programing/2_LaunchXL/1_TestCodeWorkspace/TIRTOS_CC2640R2_LAUNCHXL_tirtos_ccs" --include_path="C:/ti/simplelink_cc2640r2_sdk_4_40_00_10/source/ti/posix/ccs" --include_path="C:/ti/ccs1030/ccs/tools/compiler/ti-cgt-arm_20.2.4.LTS/include" --define=DeviceFamily_CC26X0R2 -g --diag_warning=225 --diag_warning=255 --diag_wrap=off --display_error_number --gen_func_subsections=on --preproc_with_compile --preproc_dependency="hello.d_raw" --cmd_file="configPkg/compiler.opt"  "../hello.c"
Finished building: "../hello.c"
 
Building file: "../CC2640R2_LAUNCHXL.c"
Invoking: ARM Compiler
"C:/ti/ccs1030/ccs/tools/compiler/ti-cgt-arm_20.2.4.LTS/bin/armcl" -mv7M3 --code_state=16 --float_support=vfplib -me --include_path="D:/2_Programing/2_LaunchXL/1_TestCodeWorkspace/TIRTOS_CC2640R2_LAUNCHXL_tirtos_ccs" --include_path="C:/ti/simplelink_cc2640r2_sdk_4_40_00_10/source/ti/posix/ccs" --include_path="C:/ti/ccs1030/ccs/tools/compiler/ti-cgt-arm_20.2.4.LTS/include" --define=DeviceFamily_CC26X0R2 -g --diag_warning=225 --diag_warning=255 --diag_wrap=off --display_error_number --gen_func_subsections=on --preproc_with_compile --preproc_dependency="CC2640R2_LAUNCHXL.d_raw" --cmd_file="configPkg/compiler.opt"  "../CC2640R2_LAUNCHXL.c"
Finished building: "../CC2640R2_LAUNCHXL.c"
 
making ../src/sysbios/sysbios.aem3 ...
gmake[2]: Nothing to be done for 'all'.
Building target: "TIRTOS_CC2640R2_LAUNCHXL_tirtos_ccs.out"
Invoking: ARM Linker
"C:/ti/ccs1030/ccs/tools/compiler/ti-cgt-arm_20.2.4.LTS/bin/armcl" -mv7M3 --code_state=16 --float_support=vfplib -me --define=DeviceFamily_CC26X0R2 -g --diag_warning=225 --diag_warning=255 --diag_wrap=off --display_error_number --gen_func_subsections=on -z -m"TIRTOS_CC2640R2_LAUNCHXL_tirtos_ccs.map" -i"C:/ti/simplelink_cc2640r2_sdk_4_40_00_10/source" -i"C:/ti/simplelink_cc2640r2_sdk_4_40_00_10/kernel/tirtos/packages" -i"C:/ti/ccs1030/ccs/tools/compiler/ti-cgt-arm_20.2.4.LTS/lib" --diag_wrap=off --display_error_number --warn_sections --xml_link_info="TIRTOS_CC2640R2_LAUNCHXL_tirtos_ccs_linkInfo.xml" --rom_model -o "TIRTOS_CC2640R2_LAUNCHXL_tirtos_ccs.out" "./CC2640R2_LAUNCHXL.obj" "./CC2640R2_LAUNCHXL_fxns.obj" "./ccfg.obj" "./hello.obj" "../CC2640R2_LAUNCHXL_TIRTOS.cmd" -l"configPkg/linker.cmd"  -l"ti/display/lib/display.aem3" -l"ti/grlib/lib/ccs/m3/grlib.a" -l"third_party/spiffs/lib/ccs/m3/spiffs_cc26xx.a" -l"ti/drivers/rf/lib/rf_multiMode_cc26x0r2.aem3" -l"ti/drivers/lib/drivers_cc26x0r2.aem3" -l"ti/dpl/lib/dpl_cc26x0r2.aem3" -l"ti/devices/cc26x0r2/driverlib/bin/ccs/driverlib.lib" -llibc.a 
<Linking>
Finished building target: "TIRTOS_CC2640R2_LAUNCHXL_tirtos_ccs.out"
 

**** Build Finished ****
